<?xml version="1.0" encoding="UTF-8"?>
<!-- Generated by org.testng.reporters.JUnitReportReporter -->
<testsuite skipped="0" hostname="DESKTOP-RGHPT2R" name="learnconcept.FirstClass" tests="2" failures="0" timestamp="24 Mar 2018 05:26:14 GMT" time="0.013" errors="0">
  <testcase name="f" time="0.012" classname="learnconcept.FirstClass"/>
  <testcase name="f" time="0.001" classname="learnconcept.FirstClass"/>
</testsuite> <!-- learnconcept.FirstClass -->
