<?xml version="1.0" encoding="UTF-8"?>
<!-- Generated by org.testng.reporters.JUnitReportReporter -->
<testsuite skipped="0" hostname="DESKTOP-RGHPT2R" name="learnconcept.LogLearn" tests="2" failures="0" timestamp="24 Mar 2018 06:52:42 GMT" time="0.026" errors="0">
  <testcase name="f" time="0.009" classname="learnconcept.LogLearn"/>
  <testcase name="f" time="0.017" classname="learnconcept.LogLearn"/>
</testsuite> <!-- learnconcept.LogLearn -->
