<?xml version="1.0" encoding="UTF-8"?>
<!-- Generated by org.testng.reporters.JUnitReportReporter -->
<testsuite skipped="0" hostname="DESKTOP-RGHPT2R" name="learnconcept.SecondClass" tests="2" failures="0" timestamp="24 Mar 2018 05:26:14 GMT" time="0.003" errors="0">
  <testcase name="f" time="0.001" classname="learnconcept.SecondClass"/>
  <testcase name="f" time="0.002" classname="learnconcept.SecondClass"/>
</testsuite> <!-- learnconcept.SecondClass -->
