<?xml version="1.0" encoding="UTF-8"?>
<!-- Generated by org.testng.reporters.JUnitReportReporter -->
<testsuite skipped="0" hostname="DESKTOP-RGHPT2R" name="phptravels.NewTest" tests="1" failures="0" timestamp="25 Mar 2018 06:49:44 GMT" time="0.008" errors="0">
  <testcase name="f" time="0.008" classname="phptravels.NewTest"/>
</testsuite> <!-- phptravels.NewTest -->
